Build started 5/9/2018 12:40:02 PM.
     1>Project "C:\Users\Yousef\Desktop\Learning\Learning\Learning.vcxproj" on node 2 (Build target(s)).
     1>ClCompile:
         C:\Program Files (x86)\Microsoft Visual Studio 11.0\VC\bin\CL.exe /c /I"C:\Users\Yousef\Documents\Visual Studio 2012\Projects\Learning\sfml\include" /ZI /nologo /W3 /WX- /sdl /Od /Oy- /D WIN32 /D _DEBUG /D _CONSOLE /D _UNICODE /D UNICODE /Gm /EHsc /RTC1 /MDd /GS /fp:precise /Zc:wchar_t /Zc:forScope /Fo"Debug\\" /Fd"Debug\vc110.pdb" /Gd /TP /analyze- /errorReport:prompt Pacman.cpp Menu.cpp
         Menu.cpp
     1>c:\users\yousef\desktop\learning\learning\menu.cpp(12): warning C4244: 'argument' : conversion from 'double' to 'float', possible loss of data
     1>c:\users\yousef\desktop\learning\learning\menu.cpp(18): warning C4244: 'argument' : conversion from 'double' to 'float', possible loss of data
     1>c:\users\yousef\desktop\learning\learning\menu.cpp(25): warning C4244: 'argument' : conversion from 'double' to 'float', possible loss of data
         Pacman.cpp
     1>c:\users\yousef\desktop\learning\learning\pacman.cpp(21): warning C4305: 'initializing' : truncation from 'double' to 'float'
     1>c:\users\yousef\desktop\learning\learning\pacman.cpp(172): warning C4244: 'argument' : conversion from 'unsigned int' to 'float', possible loss of data
     1>c:\users\yousef\desktop\learning\learning\pacman.cpp(2896): warning C4305: '=' : truncation from 'double' to 'float'
         Generating Code...
       Link:
         C:\Program Files (x86)\Microsoft Visual Studio 11.0\VC\bin\link.exe /ERRORREPORT:PROMPT /OUT:"C:\Users\Yousef\Desktop\Learning\Debug\PacMan.exe" /INCREMENTAL /NOLOGO /LIBPATH:"C:\Users\Yousef\Documents\Visual Studio 2012\Projects\Learning\sfml\lib" "sfml-system-d.lib" "sfml-graphics-d.lib" "sfml-audio-d.lib" "sfml-network-d.lib" "sfml-window-d.lib" kernel32.lib user32.lib gdi32.lib winspool.lib comdlg32.lib advapi32.lib shell32.lib ole32.lib oleaut32.lib uuid.lib odbc32.lib odbccp32.lib /MANIFEST /MANIFESTUAC:"level='asInvoker' uiAccess='false'" /manifest:embed /DEBUG /PDB:"C:\Users\Yousef\Desktop\Learning\Debug\PacMan.pdb" /SUBSYSTEM:CONSOLE /TLBID:1 /DYNAMICBASE /NXCOMPAT /IMPLIB:"C:\Users\Yousef\Desktop\Learning\Debug\PacMan.lib" /MACHINE:X86 Debug\Pacman.obj
         Debug\Menu.obj
         Learning.vcxproj -> C:\Users\Yousef\Desktop\Learning\Debug\PacMan.exe
     1>Done Building Project "C:\Users\Yousef\Desktop\Learning\Learning\Learning.vcxproj" (Build target(s)).

Build succeeded.

Time Elapsed 00:00:03.65
